2019-10-18 12:39:50.256 [main] WARN  org.mybatis.spring.mapper.ClassPathMapperScanner - No MyBatis mapper was found in '[com.archerzhang.cs.**.mapper]' package. Please check your configuration.
2019-10-18 12:39:50.331 [main] WARN  org.mybatis.spring.mapper.ClassPathMapperScanner - No MyBatis mapper was found in '[com.archerzhang.cs.user]' package. Please check your configuration.
2019-10-18 12:39:51.286 [main] WARN  com.netflix.config.sources.URLConfigurationSource - No URLs will be polled as dynamic configuration sources.
2019-10-18 12:39:51.290 [main] WARN  com.netflix.config.sources.URLConfigurationSource - No URLs will be polled as dynamic configuration sources.
2019-10-18 12:39:54.226 [main] WARN  com.netflix.discovery.DiscoveryClient - Saw local status change event StatusChangeEvent [timestamp=1571373594226, current=DOWN, previous=UP]
2019-10-18 12:40:38.436 [main] WARN  org.mybatis.spring.mapper.ClassPathMapperScanner - No MyBatis mapper was found in '[com.archerzhang.cs.**.mapper]' package. Please check your configuration.
2019-10-18 12:40:38.501 [main] WARN  org.mybatis.spring.mapper.ClassPathMapperScanner - No MyBatis mapper was found in '[com.archerzhang.cs.user]' package. Please check your configuration.
2019-10-18 12:40:39.448 [main] WARN  com.netflix.config.sources.URLConfigurationSource - No URLs will be polled as dynamic configuration sources.
2019-10-18 12:40:39.453 [main] WARN  com.netflix.config.sources.URLConfigurationSource - No URLs will be polled as dynamic configuration sources.
2019-10-18 12:46:01.507 [main] WARN  org.mybatis.spring.mapper.ClassPathMapperScanner - No MyBatis mapper was found in '[com.archerzhang.cs.**.mapper]' package. Please check your configuration.
2019-10-18 12:46:01.582 [main] WARN  org.mybatis.spring.mapper.ClassPathMapperScanner - No MyBatis mapper was found in '[com.archerzhang.cs.user]' package. Please check your configuration.
2019-10-18 12:46:02.650 [main] WARN  com.netflix.config.sources.URLConfigurationSource - No URLs will be polled as dynamic configuration sources.
2019-10-18 12:46:02.655 [main] WARN  com.netflix.config.sources.URLConfigurationSource - No URLs will be polled as dynamic configuration sources.
2019-10-18 13:00:58.715 [main] WARN  org.mybatis.spring.mapper.ClassPathMapperScanner - No MyBatis mapper was found in '[com.archerzhang.cs.**.mapper]' package. Please check your configuration.
2019-10-18 13:00:58.804 [main] WARN  org.mybatis.spring.mapper.ClassPathMapperScanner - No MyBatis mapper was found in '[com.archerzhang.cs.user]' package. Please check your configuration.
2019-10-18 13:01:00.407 [main] WARN  com.netflix.config.sources.URLConfigurationSource - No URLs will be polled as dynamic configuration sources.
2019-10-18 13:01:00.412 [main] WARN  com.netflix.config.sources.URLConfigurationSource - No URLs will be polled as dynamic configuration sources.
2019-10-18 13:02:33.170 [main] WARN  org.mybatis.spring.mapper.ClassPathMapperScanner - No MyBatis mapper was found in '[com.archerzhang.cs.**.mapper]' package. Please check your configuration.
2019-10-18 13:02:33.260 [main] WARN  org.mybatis.spring.mapper.ClassPathMapperScanner - No MyBatis mapper was found in '[com.archerzhang.cs.user]' package. Please check your configuration.
2019-10-18 13:02:34.543 [main] WARN  o.s.b.w.s.c.AnnotationConfigServletWebServerApplicationContext - Exception encountered during context initialization - cancelling refresh attempt: org.springframework.beans.factory.UnsatisfiedDependencyException: Error creating bean with name 'testController': Unsatisfied dependency expressed through field 'authClientService'; nested exception is org.springframework.beans.factory.BeanCreationException: Error creating bean with name 'com.archerzhang.cs.user.config.AuthClientService': FactoryBean threw exception on object creation; nested exception is java.lang.IllegalStateException: RequestParam.value() was empty on parameter 0
2019-10-18 13:19:21.033 [main] WARN  org.mybatis.spring.mapper.ClassPathMapperScanner - No MyBatis mapper was found in '[com.archerzhang.cs.**.mapper]' package. Please check your configuration.
2019-10-18 13:19:21.125 [main] WARN  org.mybatis.spring.mapper.ClassPathMapperScanner - No MyBatis mapper was found in '[com.archerzhang.cs.user]' package. Please check your configuration.
2019-10-18 13:19:22.401 [main] WARN  o.s.b.w.s.c.AnnotationConfigServletWebServerApplicationContext - Exception encountered during context initialization - cancelling refresh attempt: org.springframework.beans.factory.UnsatisfiedDependencyException: Error creating bean with name 'testController': Unsatisfied dependency expressed through field 'authClientService'; nested exception is org.springframework.beans.factory.BeanCreationException: Error creating bean with name 'com.archerzhang.cs.user.config.AuthClientService': FactoryBean threw exception on object creation; nested exception is java.lang.IllegalStateException: RequestParam.value() was empty on parameter 0
2019-10-18 13:30:22.695 [main] WARN  org.mybatis.spring.mapper.ClassPathMapperScanner - No MyBatis mapper was found in '[com.archerzhang.cs.**.mapper]' package. Please check your configuration.
2019-10-18 13:30:22.786 [main] WARN  org.mybatis.spring.mapper.ClassPathMapperScanner - No MyBatis mapper was found in '[com.archerzhang.cs.user]' package. Please check your configuration.
2019-10-18 13:30:24.074 [main] WARN  o.s.b.w.s.c.AnnotationConfigServletWebServerApplicationContext - Exception encountered during context initialization - cancelling refresh attempt: org.springframework.beans.factory.UnsatisfiedDependencyException: Error creating bean with name 'testController': Unsatisfied dependency expressed through field 'authClientService'; nested exception is org.springframework.beans.factory.BeanCreationException: Error creating bean with name 'com.archerzhang.cs.user.config.AuthClientService': FactoryBean threw exception on object creation; nested exception is java.lang.IllegalStateException: RequestParam.value() was empty on parameter 0
2019-10-18 13:32:28.454 [main] WARN  org.mybatis.spring.mapper.ClassPathMapperScanner - No MyBatis mapper was found in '[com.archerzhang.cs.**.mapper]' package. Please check your configuration.
2019-10-18 13:32:28.545 [main] WARN  org.mybatis.spring.mapper.ClassPathMapperScanner - No MyBatis mapper was found in '[com.archerzhang.cs.user]' package. Please check your configuration.
2019-10-18 13:32:29.824 [main] WARN  o.s.b.w.s.c.AnnotationConfigServletWebServerApplicationContext - Exception encountered during context initialization - cancelling refresh attempt: org.springframework.beans.factory.UnsatisfiedDependencyException: Error creating bean with name 'testController': Unsatisfied dependency expressed through field 'authClientService'; nested exception is org.springframework.beans.factory.BeanCreationException: Error creating bean with name 'com.archerzhang.cs.user.config.AuthClientService': FactoryBean threw exception on object creation; nested exception is java.lang.IllegalStateException: RequestParam.value() was empty on parameter 0
2019-10-18 13:38:46.804 [main] WARN  org.mybatis.spring.mapper.ClassPathMapperScanner - No MyBatis mapper was found in '[com.archerzhang.cs.user]' package. Please check your configuration.
2019-10-18 13:38:48.084 [main] WARN  o.s.b.w.s.c.AnnotationConfigServletWebServerApplicationContext - Exception encountered during context initialization - cancelling refresh attempt: org.springframework.beans.factory.UnsatisfiedDependencyException: Error creating bean with name 'testController': Unsatisfied dependency expressed through field 'authClientService'; nested exception is org.springframework.beans.factory.BeanCreationException: Error creating bean with name 'com.archerzhang.cs.user.config.AuthClientService': FactoryBean threw exception on object creation; nested exception is java.lang.IllegalStateException: RequestParam.value() was empty on parameter 0
2019-10-18 13:50:25.184 [main] WARN  org.mybatis.spring.mapper.ClassPathMapperScanner - No MyBatis mapper was found in '[com.archerzhang.cs.user]' package. Please check your configuration.
2019-10-18 13:50:26.551 [main] WARN  o.s.b.w.s.c.AnnotationConfigServletWebServerApplicationContext - Exception encountered during context initialization - cancelling refresh attempt: org.springframework.beans.factory.UnsatisfiedDependencyException: Error creating bean with name 'testController': Unsatisfied dependency expressed through field 'authClientService'; nested exception is org.springframework.beans.factory.BeanCreationException: Error creating bean with name 'com.archerzhang.cs.user.config.AuthClientService': FactoryBean threw exception on object creation; nested exception is java.lang.IllegalStateException: RequestParam.value() was empty on parameter 0
2019-10-18 14:05:01.043 [main] WARN  org.mybatis.spring.mapper.ClassPathMapperScanner - No MyBatis mapper was found in '[com.archerzhang.cs.user]' package. Please check your configuration.
2019-10-18 14:05:02.734 [main] WARN  com.netflix.config.sources.URLConfigurationSource - No URLs will be polled as dynamic configuration sources.
2019-10-18 14:05:02.739 [main] WARN  com.netflix.config.sources.URLConfigurationSource - No URLs will be polled as dynamic configuration sources.
